19:39:03 **** Incremental Build of configuration Default for project Iterative_Autonomous ****
make all 
CC -I../include -I../src opcontrol.c
opcontrol.c: In function 'moveStraightForIME':
opcontrol.c:273:2: error: implicit declaration of function 'absoluteValue' [-Werror=implicit-function-declaration]
cc1.exe: some warnings being treated as errors
make[1]: *** [../bin/opcontrol.o] Error 1
make: *** [src] Error 2

19:39:05 Build Finished (took 1s.552ms)

